Arguments: 
  C:\Program Files\nodejs\node.exe C:\Users\Ashfak\AppData\Local\npm-cache\_npx\c094c3349f8dd527\node_modules\yarn\bin\yarn.js

PATH: 
  C:\Users\Ashfak\AppData\Local\npm-cache\_npx\c094c3349f8dd527\node_modules\.bin;E:\my-app\node_modules\.bin;E:\node_modules\.bin;C:\Program Files\nodejs\node_modules\npm\node_modules\@npmcli\run-script\lib\node-gyp-bin;C:\Windows\system32;C:\Windows;C:\Windows\System32\Wbem;C:\Windows\System32\WindowsPowerShell\v1.0\;C:\Program Files\nodejs\;;C:\Users\Ashfak\AppData\Local\Programs\Microsoft VS Code\bin;C:\Users\Ashfak\AppData\Roaming\npm

Yarn version: 
  1.22.19

Node version: 
  18.12.1

Platform: 
  win32 x64

Trace: 
  Error: EPERM: operation not permitted, copyfile 'C:\Users\Ashfak\AppData\Local\Yarn\Cache\v6\npm-babel-loader-8.3.0-124936e841ba4fe8176786d6ff28add1f134d6a8-integrity\node_modules\babel-loader\package.json' -> 'E:\my-app\node_modules\babel-loader\package.json'

npm manifest: 
  {
    "name": "my-app",
    "version": "0.1.0",
    "private": true,
    "dependencies": {
      "@testing-library/jest-dom": "^5.16.5",
      "@testing-library/react": "^13.4.0",
      "@testing-library/user-event": "^13.5.0",
      "react": "^18.2.0",
      "react-dom": "^18.2.0",
      "react-scripts": "5.0.1",
      "web-vitals": "^2.1.4"
    },
    "scripts": {
      "start": "react-scripts start",
      "build": "react-scripts build",
      "test": "react-scripts test",
      "eject": "react-scripts eject"
    },
    "eslintConfig": {
      "extends": [
        "react-app",
        "react-app/jest"
      ]
    },
    "browserslist": {
      "production": [
        ">0.2%",
        "not dead",
        "not op_mini all"
      ],
      "development": [
        "last 1 chrome version",
        "last 1 firefox version",
        "last 1 safari version"
      ]
    }
  }

yarn manifest: 
  No manifest

Lockfile: 
  No lockfile
